2025-07-28 12:00:53 INFO  Utils:112 - [Utils] MethodGroupsHelper.collectMethodsByGroup() took 0 ms.
2025-07-28 12:00:53 INFO  Utils:112 - [Utils] MethodGroupsHelper.sortMethods() took 0 ms.
2025-07-28 12:00:53 INFO  Utils:112 - [Utils] MethodGroupsHelper.collectMethodsByGroup() took 5 ms.
2025-07-28 12:00:53 INFO  Utils:112 - [Utils] MethodGroupsHelper.sortMethods() took 7 ms.
2025-07-28 12:00:53 INFO  Utils:112 - [Utils] MethodGroupsHelper.collectMethodsByGroup() took 0 ms.
2025-07-28 12:00:53 INFO  Utils:112 - [Utils] MethodGroupsHelper.sortMethods() took 0 ms.
2025-07-28 12:00:53 INFO  Utils:112 - [Utils] MethodGroupsHelper.collectMethodsByGroup() took 0 ms.
2025-07-28 12:00:53 INFO  Utils:112 - [Utils] MethodGroupsHelper.sortMethods() took 0 ms.
2025-07-28 12:00:53 INFO  Utils:112 - [Utils] MethodGroupsHelper.collectMethodsByGroup() took 0 ms.
2025-07-28 12:00:53 INFO  Utils:112 - [Utils] MethodGroupsHelper.sortMethods() took 0 ms.
2025-07-28 12:00:53 INFO  Utils:112 - [Utils] MethodGroupsHelper.collectMethodsByGroup() took 0 ms.
2025-07-28 12:00:53 INFO  Utils:112 - [Utils] MethodGroupsHelper.sortMethods() took 0 ms.
2025-07-28 12:00:53 INFO  Utils:112 - [Utils] MethodGroupsHelper.collectMethodsByGroup() took 0 ms.
2025-07-28 12:00:53 INFO  Utils:112 - [Utils] MethodGroupsHelper.sortMethods() took 0 ms.
2025-07-28 12:00:53 INFO  Utils:112 - [Utils] MethodGroupsHelper.collectMethodsByGroup() took 0 ms.
2025-07-28 12:00:53 INFO  Utils:112 - [Utils] MethodGroupsHelper.sortMethods() took 0 ms.
2025-07-28 12:00:53 INFO  Utils:112 - [Utils] MethodGroupsHelper.collectMethodsByGroup() took 0 ms.
2025-07-28 12:00:53 INFO  Utils:112 - [Utils] MethodGroupsHelper.sortMethods() took 0 ms.
2025-07-28 12:00:53 INFO  Utils:112 - [Utils] MethodGroupsHelper.collectMethodsByGroup() took 1 ms.
2025-07-28 12:00:53 INFO  Utils:112 - [Utils] MethodGroupsHelper.sortMethods() took 0 ms.
2025-07-28 12:00:53 INFO  Utils:112 - [Utils] MethodGroupsHelper.collectMethodsByGroup() took 0 ms.
2025-07-28 12:00:53 INFO  Utils:112 - [Utils] MethodGroupsHelper.sortMethods() took 0 ms.
2025-07-28 12:00:53 INFO  Utils:112 - [Utils] MethodGroupsHelper.collectMethodsByGroup() took 0 ms.
2025-07-28 12:00:53 INFO  Utils:112 - [Utils] MethodGroupsHelper.sortMethods() took 0 ms.
2025-07-28 12:00:53 INFO  Utils:112 - [TestNG] Running:
  C:\Users\abdul\AppData\Local\Temp\testng-eclipse-1492199066\testng-customsuite.xml

2025-07-28 12:00:53 INFO  Utils:112 - [Utils] DynamicGraphHelper.createDynamicGraph() took 5 ms.
2025-07-28 12:00:58 INFO  Tc_001_AccountRegistrationTest:27 - **********Starting of testcase- Tc_001_AccountRegistrationTest
2025-07-28 12:00:58 INFO  Tc_001_AccountRegistrationTest:33 - clicked on my account link
2025-07-28 12:00:59 INFO  Tc_001_AccountRegistrationTest:35 - clicked on Register link
2025-07-28 12:00:59 INFO  Tc_001_AccountRegistrationTest:39 - Providing customer details
2025-07-28 12:00:59 INFO  Tc_001_AccountRegistrationTest:51 - clicking on checkpoints 
2025-07-28 12:01:00 INFO  Tc_001_AccountRegistrationTest:66 - validating exp msg
2025-07-28 12:01:00 INFO  Tc_001_AccountRegistrationTest:87 - **********Ending of testcase- Tc_001_AccountRegistrationTest
2025-07-28 12:01:00 INFO  Utils:112 - [TestNG] Time taken by org.testng.reporters.jq.Main@588cd519: 48 ms
2025-07-28 12:01:00 INFO  Utils:112 - [TestNG] Time taken by org.testng.reporters.FailedReporter@3f92c349: 0 ms
2025-07-28 12:01:00 INFO  Utils:112 - [TestNG] Time taken by org.testng.reporters.XMLReporter@2a389173: 7 ms
2025-07-28 12:01:00 INFO  Utils:112 - [TestNG] Time taken by org.testng.reporters.EmailableReporter2@31da6b2e: 7 ms
2025-07-28 12:01:00 INFO  Utils:112 - [TestNG] Time taken by org.testng.reporters.JUnitReportReporter@7c6442c2: 4 ms
2025-07-28 12:01:00 INFO  Utils:112 - [TestNG] Time taken by org.testng.internal.ExitCodeListener@2d746ce4: 0 ms
